<?xml version="1.0" encoding="UTF-8"?>
<!-- Generated by org.testng.reporters.JUnitReportReporter -->
<testsuite hostname="SEZLAP-7532" failures="0" tests="1" name="com.svm.utility.BaseClass" time="28.766" errors="0" timestamp="2024-05-16T15:32:05 IST" skipped="0">
  <testcase classname="com.svm.utility.BaseClass" name="driverinitilization" time="28.766"/>
  <system-out/>
</testsuite> <!-- com.svm.utility.BaseClass -->
