<?xml version="1.0" encoding="UTF-8"?>
<!-- Generated by org.testng.reporters.JUnitReportReporter -->
<testsuite hostname="SEZLAP-7532" failures="0" tests="1" name="com.svm.testscript.Test1" time="31.243" errors="0" timestamp="2024-05-15T15:42:55 IST" skipped="0">
  <testcase classname="com.svm.testscript.Test1" name="simpletest" time="31.243"/>
  <system-out/>
</testsuite> <!-- com.svm.testscript.Test1 -->
