<?xml version="1.0" encoding="UTF-8"?>
<!-- Generated by org.testng.reporters.JUnitReportReporter -->
<testsuite hostname="SEZLAP-7532" failures="0" tests="1" name="com.svm.testscript.LoginTest" time="6.799" errors="0" timestamp="2024-05-16T19:10:13 IST" skipped="0">
  <testcase classname="com.svm.testscript.LoginTest" name="VerifyLogin" time="6.799"/>
  <system-out/>
</testsuite> <!-- com.svm.testscript.LoginTest -->
