<?xml version="1.0" encoding="UTF-8"?>
<!-- Generated by org.testng.reporters.JUnitReportReporter -->
<testsuite hostname="SEZLAP-7532" failures="0" tests="3" name="com.svm.testscript.LoginTest" time="23.458" errors="0" timestamp="2024-05-27T14:00:15 IST" skipped="0">
  <testcase classname="com.svm.testscript.LoginTest" name="VerifyLogoimageavailabilityonLoginPage" time="6.050"/>
  <system-out/>
  <testcase classname="com.svm.testscript.LoginTest" name="VerifyvalidationmessagewithinvalidusernameandPassword" time="8.735"/>
  <system-out/>
  <testcase classname="com.svm.testscript.LoginTest" name="VerifyLogin" time="8.673"/>
  <system-out/>
</testsuite> <!-- com.svm.testscript.LoginTest -->
